# JRE version: OpenJDK Runtime Environment (11.0.2+9) (build 11.0.2+9)
# Java VM: OpenJDK 64-Bit Server VM (11.0.2+9, mixed mode, tiered, compressed oops, g1 gc, windows-amd64)
Heap:
 garbage-first heap   total 304128K, used 118232K [0x0000000740000000, 0x0000000800000000)
  region size 1024K, 19 young (19456K), 1 survivors (1024K)
 Metaspace       used 97293K, capacity 98651K, committed 102916K, reserved 1138688K
  class space    used 12733K, capacity 13271K, committed 14796K, reserved 1048576K
GC Heap History (10 events):
Event: 11118.289 GC heap before
{Heap before GC invocations=996 (full 279):
 garbage-first heap   total 304128K, used 161275K [0x0000000740000000, 0x0000000800000000)
  region size 1024K, 60 young (61440K), 1 survivors (1024K)
 Metaspace       used 97270K, capacity 98584K, committed 102916K, reserved 1138688K
  class space    used 12732K, capacity 13270K, committed 14796K, reserved 1048576K
}
Event: 11118.292 GC heap after
{Heap after GC invocations=997 (full 279):
 garbage-first heap   total 304128K, used 100930K [0x0000000740000000, 0x0000000800000000)
  region size 1024K, 1 young (1024K), 1 survivors (1024K)
 Metaspace       used 97270K, capacity 98584K, committed 102916K, reserved 1138688K
  class space    used 12732K, capacity 13270K, committed 14796K, reserved 1048576K
}
Event: 11121.578 GC heap before
{Heap before GC invocations=997 (full 279):
 garbage-first heap   total 304128K, used 161346K [0x0000000740000000, 0x0000000800000000)
  region size 1024K, 60 young (61440K), 1 survivors (1024K)
 Metaspace       used 97274K, capacity 98648K, committed 102916K, reserved 1138688K
  class space    used 12732K, capacity 13270K, committed 14796K, reserved 1048576K
}
Event: 11121.580 GC heap after
{Heap after GC invocations=998 (full 279):
 garbage-first heap   total 304128K, used 101045K [0x0000000740000000, 0x0000000800000000)
  region size 1024K, 2 young (2048K), 2 survivors (2048K)
 Metaspace       used 97274K, capacity 98648K, committed 102916K, reserved 1138688K
  class space    used 12732K, capacity 13270K, committed 14796K, reserved 1048576K
}
Event: 11124.497 GC heap before
{Heap before GC invocations=998 (full 279):
 garbage-first heap   total 304128K, used 160437K [0x0000000740000000, 0x0000000800000000)
  region size 1024K, 60 young (61440K), 2 survivors (2048K)
 Metaspace       used 97283K, capacity 98648K, committed 102916K, reserved 1138688K
  class space    used 12732K, capacity 13270K, committed 14796K, reserved 1048576K
}
Event: 11124.498 GC heap after
{Heap after GC invocations=999 (full 279):
 garbage-first heap   total 304128K, used 100868K [0x0000000740000000, 0x0000000800000000)
  region size 1024K, 1 young (1024K), 1 survivors (1024K)
 Metaspace       used 97283K, capacity 98648K, committed 102916K, reserved 1138688K
  class space    used 12732K, capacity 13270K, committed 14796K, reserved 1048576K
}
Event: 11128.493 GC heap before
{Heap before GC invocations=999 (full 279):
 garbage-first heap   total 304128K, used 161284K [0x0000000740000000, 0x0000000800000000)
  region size 1024K, 60 young (61440K), 1 survivors (1024K)
 Metaspace       used 97288K, capacity 98651K, committed 102916K, reserved 1138688K
  class space    used 12733K, capacity 13271K, committed 14796K, reserved 1048576K
}
Event: 11128.496 GC heap after
{Heap after GC invocations=1000 (full 279):
 garbage-first heap   total 304128K, used 101062K [0x0000000740000000, 0x0000000800000000)
  region size 1024K, 2 young (2048K), 2 survivors (2048K)
 Metaspace       used 97288K, capacity 98651K, committed 102916K, reserved 1138688K
  class space    used 12733K, capacity 13271K, committed 14796K, reserved 1048576K
}
Event: 11136.806 GC heap before
{Heap before GC invocations=1000 (full 279):
 garbage-first heap   total 304128K, used 160454K [0x0000000740000000, 0x0000000800000000)
  region size 1024K, 60 young (61440K), 2 survivors (2048K)
 Metaspace       used 97293K, capacity 98651K, committed 102916K, reserved 1138688K
  class space    used 12733K, capacity 13271K, committed 14796K, reserved 1048576K
}
Event: 11136.808 GC heap after
{Heap after GC invocations=1001 (full 279):
 garbage-first heap   total 304128K, used 100824K [0x0000000740000000, 0x0000000800000000)
  region size 1024K, 1 young (1024K), 1 survivors (1024K)
 Metaspace       used 97293K, capacity 98651K, committed 102916K, reserved 1138688K
  class space    used 12733K, capacity 13271K, committed 14796K, reserved 1048576K
}

